<?xml version="1.0" encoding="UTF-8"?>
<!-- Generated by org.testng.reporters.JUnitXMLReporter -->
<testsuite ignored="15" hostname="DESKTOP-1OP6S3U" failures="0" tests="3" name="Test" time="5.846" errors="0" timestamp="2023-09-21T16:46:01 IST">
  <testcase classname="com.accountWork.openAccTest" name="demo" time="0.013"/>
  <testcase classname="com.accountWork.openAccTest" name="display" time="0.003"/>
  <testcase classname="com.accountWork.openAccTest" name="openAc" time="0.277"/>
  <testcase classname="com.banking.genericUtils.BaseClass" name="@BeforeSuite configBS" time="0.0">
    <ignored/>
  </testcase> <!-- @BeforeSuite configBS -->
  <testcase classname="com.accountWork.FundTransferTest" name="fndTransfer" time="0.0">
    <ignored/>
  </testcase> <!-- fndTransfer -->
  <testcase classname="com.banking.genericUtils.BaseClass" name="@AfterSuite configAS" time="0.0">
    <ignored/>
  </testcase> <!-- @AfterSuite configAS -->
  <testcase classname="com.banking.genericUtils.BaseClass" name="@AfterSuite configAS" time="0.0">
    <ignored/>
  </testcase> <!-- @AfterSuite configAS -->
  <testcase classname="com.banking.genericUtils.BaseClass" name="@BeforeSuite configBS" time="0.0">
    <ignored/>
  </testcase> <!-- @BeforeSuite configBS -->
  <testcase classname="com.banking.genericUtils.BaseClass" name="@BeforeSuite configBS" time="0.0">
    <ignored/>
  </testcase> <!-- @BeforeSuite configBS -->
  <testcase classname="com.banking.genericUtils.BaseClass" name="@AfterSuite configAS" time="0.0">
    <ignored/>
  </testcase> <!-- @AfterSuite configAS -->
  <testcase classname="com.banking.genericUtils.BaseClass" name="@BeforeSuite configBS" time="0.0">
    <ignored/>
  </testcase> <!-- @BeforeSuite configBS -->
  <testcase classname="com.banking.genericUtils.BaseClass" name="@AfterSuite configAS" time="0.0">
    <ignored/>
  </testcase> <!-- @AfterSuite configAS -->
  <testcase classname="com.banking.genericUtils.BaseClass" name="@AfterSuite configAS" time="0.0">
    <ignored/>
  </testcase> <!-- @AfterSuite configAS -->
  <testcase classname="com.banking.genericUtils.BaseClass" name="@BeforeSuite configBS" time="0.0">
    <ignored/>
  </testcase> <!-- @BeforeSuite configBS -->
  <testcase classname="com.accountWork.openDelAcc" name="openAcDel" time="0.0">
    <ignored/>
  </testcase> <!-- openAcDel -->
  <testcase classname="com.accountWork.fundTrasnferViewDetail" name="detailFundTransfer" time="0.0">
    <ignored/>
  </testcase> <!-- detailFundTransfer -->
  <testcase classname="com.staffWork.staffLoginTest" name="stffLoginTest" time="0.0">
    <ignored/>
  </testcase> <!-- stffLoginTest -->
  <testcase classname="com.staffWork.creditCustomerTest" name="crdtCust" time="0.0">
    <ignored/>
  </testcase> <!-- crdtCust -->
</testsuite> <!-- Test -->
