<?xml version="1.0" encoding="UTF-8"?>
<!-- Generated by org.testng.reporters.JUnitXMLReporter -->
<testsuite ignored="2" hostname="DESKTOP-1OP6S3U" failures="0" tests="4" name="Test2" time="15.329" errors="0" timestamp="2023-09-20T10:48:16 IST">
  <testcase classname="com.accountWork.openAccTest" name="demo" time="0.006"/>
  <testcase classname="com.accountWork.openAccTest" name="display" time="0.003"/>
  <testcase classname="com.accountWork.openAccTest" name="openAc" time="0.622"/>
  <testcase classname="com.staffWork.staffLoginTest" name="stffLoginTest" time="0.476"/>
  <testcase classname="com.banking.genericUtils.BaseClass" name="@AfterSuite configAS" time="0.0">
    <ignored/>
  </testcase> <!-- @AfterSuite configAS -->
  <testcase classname="com.banking.genericUtils.BaseClass" name="@BeforeSuite configBS" time="0.0">
    <ignored/>
  </testcase> <!-- @BeforeSuite configBS -->
</testsuite> <!-- Test2 -->
