<?xml version="1.0" encoding="UTF-8"?>
<testng-results ignored="0" total="3" passed="3" failed="0" skipped="0">
  <reporter-output>
  </reporter-output>
  <suite started-at="2023-09-21T16:45:55 IST" name="Suite" finished-at="2023-09-21T16:46:01 IST" duration-ms="5846">
    <groups>
      <group name="smoke">
        <method signature="openAccTest.demo()[pri:0, instance:com.accountWork.openAccTest@16eb3ea3]" name="demo" class="com.accountWork.openAccTest"/>
        <method signature="openAccTest.display()[pri:0, instance:com.accountWork.openAccTest@16eb3ea3]" name="display" class="com.accountWork.openAccTest"/>
        <method signature="openAccTest.openAc()[pri:0, instance:com.accountWork.openAccTest@16eb3ea3]" name="openAc" class="com.accountWork.openAccTest"/>
      </group> <!-- smoke -->
    </groups>
    <test started-at="2023-09-21T16:45:55 IST" name="Test" finished-at="2023-09-21T16:46:01 IST" duration-ms="5846">
      <class name="com.accountWork.openAccTest">
        <test-method is-config="true" signature="configBC()[pri:0, instance:com.accountWork.openAccTest@16eb3ea3]" started-at="2023-09-21T16:45:55 IST" name="configBC" finished-at="2023-09-21T16:45:59 IST" duration-ms="3441" status="PASS">
          <reporter-output>
          </reporter-output>
        </test-method> <!-- configBC -->
        <test-method is-config="true" signature="configBM()[pri:0, instance:com.accountWork.openAccTest@16eb3ea3]" started-at="2023-09-21T16:45:59 IST" name="configBM" finished-at="2023-09-21T16:46:00 IST" duration-ms="1341" status="PASS">
          <reporter-output>
          </reporter-output>
        </test-method> <!-- configBM -->
        <test-method signature="demo()[pri:0, instance:com.accountWork.openAccTest@16eb3ea3]" started-at="2023-09-21T16:46:00 IST" name="demo" finished-at="2023-09-21T16:46:00 IST" duration-ms="13" status="PASS">
          <reporter-output>
          </reporter-output>
        </test-method> <!-- demo -->
        <test-method is-config="true" signature="configAM()[pri:0, instance:com.accountWork.openAccTest@16eb3ea3]" started-at="2023-09-21T16:46:00 IST" name="configAM" finished-at="2023-09-21T16:46:00 IST" duration-ms="1" status="PASS">
          <reporter-output>
          </reporter-output>
        </test-method> <!-- configAM -->
        <test-method is-config="true" signature="configBM()[pri:0, instance:com.accountWork.openAccTest@16eb3ea3]" started-at="2023-09-21T16:46:00 IST" name="configBM" finished-at="2023-09-21T16:46:00 IST" duration-ms="164" status="PASS">
          <reporter-output>
          </reporter-output>
        </test-method> <!-- configBM -->
        <test-method signature="display()[pri:0, instance:com.accountWork.openAccTest@16eb3ea3]" started-at="2023-09-21T16:46:00 IST" name="display" finished-at="2023-09-21T16:46:00 IST" duration-ms="3" status="PASS">
          <reporter-output>
          </reporter-output>
        </test-method> <!-- display -->
        <test-method is-config="true" signature="configAM()[pri:0, instance:com.accountWork.openAccTest@16eb3ea3]" started-at="2023-09-21T16:46:00 IST" name="configAM" finished-at="2023-09-21T16:46:00 IST" duration-ms="2" status="PASS">
          <reporter-output>
          </reporter-output>
        </test-method> <!-- configAM -->
        <test-method is-config="true" signature="configBM()[pri:0, instance:com.accountWork.openAccTest@16eb3ea3]" started-at="2023-09-21T16:46:00 IST" name="configBM" finished-at="2023-09-21T16:46:01 IST" duration-ms="57" status="PASS">
          <reporter-output>
          </reporter-output>
        </test-method> <!-- configBM -->
        <test-method signature="openAc()[pri:0, instance:com.accountWork.openAccTest@16eb3ea3]" started-at="2023-09-21T16:46:01 IST" name="openAc" finished-at="2023-09-21T16:46:01 IST" duration-ms="277" status="PASS">
          <reporter-output>
          </reporter-output>
        </test-method> <!-- openAc -->
        <test-method is-config="true" signature="configAM()[pri:0, instance:com.accountWork.openAccTest@16eb3ea3]" started-at="2023-09-21T16:46:01 IST" name="configAM" finished-at="2023-09-21T16:46:01 IST" duration-ms="1" status="PASS">
          <reporter-output>
          </reporter-output>
        </test-method> <!-- configAM -->
        <test-method is-config="true" signature="configAC()[pri:0, instance:com.accountWork.openAccTest@16eb3ea3]" started-at="2023-09-21T16:46:01 IST" name="configAC" finished-at="2023-09-21T16:46:01 IST" duration-ms="444" status="PASS">
          <reporter-output>
          </reporter-output>
        </test-method> <!-- configAC -->
      </class> <!-- com.accountWork.openAccTest -->
      <class name="com.accountWork.FundTransferTest">
        <test-method is-config="true" signature="configBS()[pri:0, instance:com.accountWork.FundTransferTest@606e4010]" started-at="2023-09-21T16:45:55 IST" name="configBS" finished-at="2023-09-21T16:45:55 IST" duration-ms="394" status="PASS">
          <reporter-output>
          </reporter-output>
        </test-method> <!-- configBS -->
        <test-method is-config="true" signature="configAS()[pri:0, instance:com.accountWork.FundTransferTest@606e4010]" started-at="2023-09-21T16:46:01 IST" name="configAS" finished-at="2023-09-21T16:46:01 IST" duration-ms="9" status="PASS">
          <reporter-output>
          </reporter-output>
        </test-method> <!-- configAS -->
      </class> <!-- com.accountWork.FundTransferTest -->
    </test> <!-- Test -->
  </suite> <!-- Suite -->
</testng-results>
